  stdafx.cpp
  Survival.cpp
e:\workspace\projects\survival\survival\survival.cpp(12): error C2143: błąd składniowy: brakuje „;” przed „*”
e:\workspace\projects\survival\survival\survival.cpp(12): error C4430: brak specyfikatora typu - założono, że int. Uwaga: C++ nie obsługuje domyślnie typu int
e:\workspace\projects\survival\survival\survival.cpp(13): error C2143: błąd składniowy: brakuje „;” przed „*”
e:\workspace\projects\survival\survival\survival.cpp(13): error C4430: brak specyfikatora typu - założono, że int. Uwaga: C++ nie obsługuje domyślnie typu int
e:\workspace\projects\survival\survival\survival.cpp(14): error C4430: brak specyfikatora typu - założono, że int. Uwaga: C++ nie obsługuje domyślnie typu int
e:\workspace\projects\survival\survival\survival.cpp(14): error C2146: błąd składniowy: brakuje „;” przed identyfikatorem „scene”
e:\workspace\projects\survival\survival\survival.cpp(16): error C4430: brak specyfikatora typu - założono, że int. Uwaga: C++ nie obsługuje domyślnie typu int
e:\workspace\projects\survival\survival\survival.cpp(16): error C2146: błąd składniowy: brakuje „;” przed identyfikatorem „mousePosition”
e:\workspace\projects\survival\survival\survival.cpp(32): error C3861: "glutInit": identyfikatora nie odnaleziono
e:\workspace\projects\survival\survival\survival.cpp(34): error C3861: "glutInitWindowPosition": identyfikatora nie odnaleziono
e:\workspace\projects\survival\survival\survival.cpp(35): error C3861: "glutInitWindowSize": identyfikatora nie odnaleziono
e:\workspace\projects\survival\survival\survival.cpp(36): error C2065: "GLUT_RGBA": niezadeklarowany identyfikator
e:\workspace\projects\survival\survival\survival.cpp(36): error C2065: "GLUT_DOUBLE": niezadeklarowany identyfikator
e:\workspace\projects\survival\survival\survival.cpp(36): error C2065: "GLUT_DEPTH": niezadeklarowany identyfikator
e:\workspace\projects\survival\survival\survival.cpp(36): error C3861: "glutInitDisplayMode": identyfikatora nie odnaleziono
e:\workspace\projects\survival\survival\survival.cpp(38): error C3861: "glutCreateWindow": identyfikatora nie odnaleziono
e:\workspace\projects\survival\survival\survival.cpp(40): error C3861: "glutDisplayFunc": identyfikatora nie odnaleziono
e:\workspace\projects\survival\survival\survival.cpp(41): error C3861: "glutReshapeFunc": identyfikatora nie odnaleziono
e:\workspace\projects\survival\survival\survival.cpp(42): error C3861: "glutKeyboardFunc": identyfikatora nie odnaleziono
e:\workspace\projects\survival\survival\survival.cpp(43): error C3861: "glutKeyboardUpFunc": identyfikatora nie odnaleziono
e:\workspace\projects\survival\survival\survival.cpp(44): error C3861: "glutTimerFunc": identyfikatora nie odnaleziono
e:\workspace\projects\survival\survival\survival.cpp(45): error C3861: "glutPassiveMotionFunc": identyfikatora nie odnaleziono
e:\workspace\projects\survival\survival\survival.cpp(46): error C3861: "glutMotionFunc": identyfikatora nie odnaleziono
e:\workspace\projects\survival\survival\survival.cpp(47): error C3861: "glutMouseFunc": identyfikatora nie odnaleziono
e:\workspace\projects\survival\survival\survival.cpp(49): error C3861: "glClearColor": identyfikatora nie odnaleziono
e:\workspace\projects\survival\survival\survival.cpp(51): error C2065: "GL_DEPTH_TEST": niezadeklarowany identyfikator
e:\workspace\projects\survival\survival\survival.cpp(51): error C3861: "glEnable": identyfikatora nie odnaleziono
e:\workspace\projects\survival\survival\survival.cpp(54): error C2065: "GL_LIGHT_MODEL_AMBIENT": niezadeklarowany identyfikator
e:\workspace\projects\survival\survival\survival.cpp(54): error C3861: "glLightModelfv": identyfikatora nie odnaleziono
e:\workspace\projects\survival\survival\survival.cpp(56): error C2065: "GL_LIGHTING": niezadeklarowany identyfikator
e:\workspace\projects\survival\survival\survival.cpp(56): error C3861: "glEnable": identyfikatora nie odnaleziono
e:\workspace\projects\survival\survival\survival.cpp(57): error C2065: "GL_SMOOTH": niezadeklarowany identyfikator
e:\workspace\projects\survival\survival\survival.cpp(57): error C3861: "glShadeModel": identyfikatora nie odnaleziono
e:\workspace\projects\survival\survival\survival.cpp(59): error C2065: "GL_CULL_FACE": niezadeklarowany identyfikator
e:\workspace\projects\survival\survival\survival.cpp(59): error C3861: "glEnable": identyfikatora nie odnaleziono
e:\workspace\projects\survival\survival\survival.cpp(60): error C2065: "GL_CCW": niezadeklarowany identyfikator
e:\workspace\projects\survival\survival\survival.cpp(60): error C3861: "glFrontFace": identyfikatora nie odnaleziono
e:\workspace\projects\survival\survival\survival.cpp(61): error C2065: "GL_BACK": niezadeklarowany identyfikator
e:\workspace\projects\survival\survival\survival.cpp(61): error C3861: "glCullFace": identyfikatora nie odnaleziono
e:\workspace\projects\survival\survival\survival.cpp(63): error C2065: "GLUT_CURSOR_NONE": niezadeklarowany identyfikator
e:\workspace\projects\survival\survival\survival.cpp(63): error C3861: "glutSetCursor": identyfikatora nie odnaleziono
e:\workspace\projects\survival\survival\survival.cpp(65): error C3861: "glutWarpPointer": identyfikatora nie odnaleziono
e:\workspace\projects\survival\survival\survival.cpp(67): error C2061: błąd składniowy: identyfikator „Player”
e:\workspace\projects\survival\survival\survival.cpp(68): error C2065: "scene": niezadeklarowany identyfikator
e:\workspace\projects\survival\survival\survival.cpp(68): error C2228: po lewej ".AddObject" musi być typ struct/union
  e:\workspace\projects\survival\survival\survival.cpp(68): note: typ to "unknown-type"
e:\workspace\projects\survival\survival\survival.cpp(70): error C2061: błąd składniowy: identyfikator „Sphere”
e:\workspace\projects\survival\survival\survival.cpp(71): error C2227: po lewej "->ambient" musi wskazywać typ class/struct/union/generic
  e:\workspace\projects\survival\survival\survival.cpp(71): note: typ to "int *"
e:\workspace\projects\survival\survival\survival.cpp(71): error C2064: funkcja przyjmująca 3 argumentów nie jest wynikiem przetworzenia termu
e:\workspace\projects\survival\survival\survival.cpp(72): error C2065: "scene": niezadeklarowany identyfikator
e:\workspace\projects\survival\survival\survival.cpp(72): error C2228: po lewej ".AddObject" musi być typ struct/union
  e:\workspace\projects\survival\survival\survival.cpp(72): note: typ to "unknown-type"
e:\workspace\projects\survival\survival\survival.cpp(79): error C2065: "scene": niezadeklarowany identyfikator
e:\workspace\projects\survival\survival\survival.cpp(79): error C2228: po lewej ".AddObject" musi być typ struct/union
  e:\workspace\projects\survival\survival\survival.cpp(79): note: typ to "unknown-type"
e:\workspace\projects\survival\survival\survival.cpp(79): error C2061: błąd składniowy: identyfikator „Sphere”
e:\workspace\projects\survival\survival\survival.cpp(79): error C2064: funkcja przyjmująca 3 argumentów nie jest wynikiem przetworzenia termu
e:\workspace\projects\survival\survival\survival.cpp(79): error C2143: błąd składniowy: brakuje „;” przed „)”
e:\workspace\projects\survival\survival\survival.cpp(79): error C2059: błąd składniowy: „)”
e:\workspace\projects\survival\survival\survival.cpp(83): error C2065: "Cube": niezadeklarowany identyfikator
e:\workspace\projects\survival\survival\survival.cpp(83): error C2065: "cube1": niezadeklarowany identyfikator
e:\workspace\projects\survival\survival\survival.cpp(83): error C2061: błąd składniowy: identyfikator „Cube”
e:\workspace\projects\survival\survival\survival.cpp(84): error C2065: "Cube": niezadeklarowany identyfikator
e:\workspace\projects\survival\survival\survival.cpp(84): error C2065: "cube2": niezadeklarowany identyfikator
e:\workspace\projects\survival\survival\survival.cpp(84): error C2061: błąd składniowy: identyfikator „Cube”
e:\workspace\projects\survival\survival\survival.cpp(85): error C2065: "Cube": niezadeklarowany identyfikator
e:\workspace\projects\survival\survival\survival.cpp(85): error C2065: "cube3": niezadeklarowany identyfikator
e:\workspace\projects\survival\survival\survival.cpp(85): error C2061: błąd składniowy: identyfikator „Cube”
e:\workspace\projects\survival\survival\survival.cpp(86): error C2065: "Cube": niezadeklarowany identyfikator
e:\workspace\projects\survival\survival\survival.cpp(86): error C2065: "cube4": niezadeklarowany identyfikator
e:\workspace\projects\survival\survival\survival.cpp(86): error C2061: błąd składniowy: identyfikator „Cube”
e:\workspace\projects\survival\survival\survival.cpp(88): error C2065: "cube3": niezadeklarowany identyfikator
e:\workspace\projects\survival\survival\survival.cpp(88): error C2227: po lewej "->uvMultipler" musi wskazywać typ class/struct/union/generic
  e:\workspace\projects\survival\survival\survival.cpp(88): note: typ to "unknown-type"
e:\workspace\projects\survival\survival\survival.cpp(89): error C2065: "cube4": niezadeklarowany identyfikator
e:\workspace\projects\survival\survival\survival.cpp(89): error C2227: po lewej "->uvMultipler" musi wskazywać typ class/struct/union/generic
  e:\workspace\projects\survival\survival\survival.cpp(89): note: typ to "unknown-type"
e:\workspace\projects\survival\survival\survival.cpp(91): error C2065: "scene": niezadeklarowany identyfikator
e:\workspace\projects\survival\survival\survival.cpp(91): error C2228: po lewej ".AddObject" musi być typ struct/union
  e:\workspace\projects\survival\survival\survival.cpp(91): note: typ to "unknown-type"
e:\workspace\projects\survival\survival\survival.cpp(91): error C2065: "cube1": niezadeklarowany identyfikator
e:\workspace\projects\survival\survival\survival.cpp(92): error C2065: "scene": niezadeklarowany identyfikator
e:\workspace\projects\survival\survival\survival.cpp(92): error C2228: po lewej ".AddObject" musi być typ struct/union
  e:\workspace\projects\survival\survival\survival.cpp(92): note: typ to "unknown-type"
e:\workspace\projects\survival\survival\survival.cpp(92): error C2065: "cube2": niezadeklarowany identyfikator
e:\workspace\projects\survival\survival\survival.cpp(93): error C2065: "scene": niezadeklarowany identyfikator
e:\workspace\projects\survival\survival\survival.cpp(93): error C2228: po lewej ".AddObject" musi być typ struct/union
  e:\workspace\projects\survival\survival\survival.cpp(93): note: typ to "unknown-type"
e:\workspace\projects\survival\survival\survival.cpp(93): error C2065: "cube3": niezadeklarowany identyfikator
e:\workspace\projects\survival\survival\survival.cpp(94): error C2065: "scene": niezadeklarowany identyfikator
e:\workspace\projects\survival\survival\survival.cpp(94): error C2228: po lewej ".AddObject" musi być typ struct/union
  e:\workspace\projects\survival\survival\survival.cpp(94): note: typ to "unknown-type"
e:\workspace\projects\survival\survival\survival.cpp(94): error C2065: "cube4": niezadeklarowany identyfikator
e:\workspace\projects\survival\survival\survival.cpp(96): error C2065: "Model3D": niezadeklarowany identyfikator
e:\workspace\projects\survival\survival\survival.cpp(96): error C2065: "model": niezadeklarowany identyfikator
e:\workspace\projects\survival\survival\survival.cpp(96): error C2061: błąd składniowy: identyfikator „Model3D”
e:\workspace\projects\survival\survival\survival.cpp(97): error C2065: "model": niezadeklarowany identyfikator
e:\workspace\projects\survival\survival\survival.cpp(97): error C2227: po lewej "->load" musi wskazywać typ class/struct/union/generic
  e:\workspace\projects\survival\survival\survival.cpp(97): note: typ to "unknown-type"
e:\workspace\projects\survival\survival\survival.cpp(98): error C2065: "model": niezadeklarowany identyfikator
e:\workspace\projects\survival\survival\survival.cpp(98): error C2227: po lewej "->textureName" musi wskazywać typ class/struct/union/generic
  e:\workspace\projects\survival\survival\survival.cpp(98): note: typ to "unknown-type"
e:\workspace\projects\survival\survival\survival.cpp(99): error C2065: "model": niezadeklarowany identyfikator
e:\workspace\projects\survival\survival\survival.cpp(99): error C2227: po lewej "->modelTranslation" musi wskazywać typ class/struct/union/generic
  e:\workspace\projects\survival\survival\survival.cpp(99): note: typ to "unknown-type"
e:\workspace\projects\survival\survival\survival.cpp(99): error C2064: funkcja przyjmująca 3 argumentów nie jest wynikiem przetworzenia termu
e:\workspace\projects\survival\survival\survival.cpp(100): error C2065: "model": niezadeklarowany identyfikator
e:\workspace\projects\survival\survival\survival.cpp(100): error C2227: po lewej "->modelScale" musi wskazywać typ class/struct/union/generic
  e:\workspace\projects\survival\survival\survival.cpp(100): note: typ to "unknown-type"
e:\workspace\projects\survival\survival\survival.cpp(100): error C2064: funkcja przyjmująca 3 argumentów nie jest wynikiem przetworzenia termu
e:\workspace\projects\survival\survival\survival.cpp(101): error C2065: "model": niezadeklarowany identyfikator
e:\workspace\projects\survival\survival\survival.cpp(101): error C2227: po lewej "->radius" musi wskazywać typ class/struct/union/generic
  e:\workspace\projects\survival\survival\survival.cpp(101): note: typ to "unknown-type"
e:\workspace\projects\survival\survival\survival.cpp(102): error C2065: "scene": niezadeklarowany identyfikator
e:\workspace\projects\survival\survival\survival.cpp(102): error C2228: po lewej ".AddObject" musi być typ struct/union
  e:\workspace\projects\survival\survival\survival.cpp(102): note: typ to "unknown-type"
e:\workspace\projects\survival\survival\survival.cpp(102): error C2065: "model": niezadeklarowany identyfikator
e:\workspace\projects\survival\survival\survival.cpp(104): error C2065: "scene": niezadeklarowany identyfikator
e:\workspace\projects\survival\survival\survival.cpp(104): error C2228: po lewej ".boundaryMin" musi być typ struct/union
  e:\workspace\projects\survival\survival\survival.cpp(104): note: typ to "unknown-type"
e:\workspace\projects\survival\survival\survival.cpp(104): error C2064: funkcja przyjmująca 3 argumentów nie jest wynikiem przetworzenia termu
e:\workspace\projects\survival\survival\survival.cpp(104): fatal error C1003: Licznik błędów przekracza 100; zatrzymywanie kompilacji
